<?xml version="1.0" encoding="UTF-8"?>
<beans xmlns="http://www.springframework.org/schema/beans"
	xmlns:xsi="http://www.w3.org/2001/XMLSchema-instance"
	xmlns:aop="http://www.springframework.org/schema/aop"
	xmlns:context="http://www.springframework.org/schema/context"
	xmlns:tx="http://www.springframework.org/schema/tx"
	xmlns:task="http://www.springframework.org/schema/task"
	xmlns:jms="http://www.springframework.org/schema/jms"
	xmlns:util="http://www.springframework.org/schema/util"
	xsi:schemaLocation="http://www.springframework.org/schema/aop http://www.springframework.org/schema/aop/spring-aop-2.5.xsd
		http://www.springframework.org/schema/jms http://www.springframework.org/schema/jms/spring-jms-3.0.xsd
		http://www.springframework.org/schema/task http://www.springframework.org/schema/task/spring-task-3.0.xsd
		http://www.springframework.org/schema/beans http://www.springframework.org/schema/beans/spring-beans-3.0.xsd
		http://www.springframework.org/schema/util http://www.springframework.org/schema/util/spring-util-3.0.xsd
		http://www.springframework.org/schema/tx http://www.springframework.org/schema/tx/spring-tx-3.0.xsd
		http://www.springframework.org/schema/context http://www.springframework.org/schema/context/spring-context-3.0.xsd">

    <bean id="configurationLoader" class="com.tradeshift.commons.configuration.ConfigurationLoader">
        <property name="locations" >
            <list>
                <value>classpath:test-config.properties</value>
                <value>file:deployment/local/config.properties</value>
                <value>file:deployment/local/test-config.properties</value>
                <!--<value>file:target/auto-test-config.properties</value>-->
            </list>
        </property>
        <property name="ignoreResourceNotFound" value="true"/>
    </bean>

    <bean class="com.tradeshift.commons.auditlog.test.StringAuditSerializer"/>

    <bean id="mainAuditWriter" class="com.tradeshift.commons.auditlog.MultipleAuditWriter">
        <property name="writers">
            <list>
                <ref bean="listAuditWriter"/>
            </list>
        </property>
    </bean>

    <bean id="listAuditWriter" class="com.tradeshift.commons.auditlog.test.ListAuditWriter"/>

</beans>
