<?xml version="1.0" encoding="UTF-8"?>
<beans xmlns="http://www.springframework.org/schema/beans"
       xmlns:xsi="http://www.w3.org/2001/XMLSchema-instance"
       xsi:schemaLocation="http://www.springframework.org/schema/beans http://www.springframework.org/schema/beans/spring-beans-3.0.xsd"
       default-lazy-init="true">

    <bean id="jaxbSupport" class="com.tradeshift.commons.jaxb.JaxbSupport">
        <property name="basePackages">
           <list>
               <value>oasis.names</value>
               <value>com.tradeshift</value>
           </list>
        </property>
    </bean>

    <bean id="mapper" class="org.codehaus.jackson.map.ObjectMapper" />

</beans>
